# JRE version: Java(TM) SE Runtime Environment 18.9 (11.0.14+8) (build 11.0.14+8-LTS-263)
# Java VM: Java HotSpot(TM) 64-Bit Server VM 18.9 (11.0.14+8-LTS-263, mixed mode, tiered, compressed oops, g1 gc, windows-amd64)
Heap:
 garbage-first heap   total 152576K, used 18312K [0x0000000085200000, 0x0000000100000000)
  region size 1024K, 7 young (7168K), 7 survivors (7168K)
 Metaspace       used 33043K, capacity 34032K, committed 34172K, reserved 1079296K
  class space    used 3963K, capacity 4375K, committed 4476K, reserved 1048576K
GC Heap History (9 events):
Event: 0.608 GC heap before
{Heap before GC invocations=0 (full 0):
 garbage-first heap   total 126976K, used 25600K [0x0000000085200000, 0x0000000100000000)
  region size 1024K, 24 young (24576K), 0 survivors (0K)
 Metaspace       used 10665K, capacity 10937K, committed 11136K, reserved 1058816K
  class space    used 1009K, capacity 1106K, committed 1152K, reserved 1048576K
}
Event: 0.615 GC heap after
{Heap after GC invocations=1 (full 0):
 garbage-first heap   total 126976K, used 11060K [0x0000000085200000, 0x0000000100000000)
  region size 1024K, 3 young (3072K), 3 survivors (3072K)
 Metaspace       used 10665K, capacity 10937K, committed 11136K, reserved 1058816K
  class space    used 1009K, capacity 1106K, committed 1152K, reserved 1048576K
}
Event: 0.990 GC heap before
{Heap before GC invocations=1 (full 0):
 garbage-first heap   total 126976K, used 27444K [0x0000000085200000, 0x0000000100000000)
  region size 1024K, 19 young (19456K), 3 survivors (3072K)
 Metaspace       used 13871K, capacity 14372K, committed 14464K, reserved 1062912K
  class space    used 1442K, capacity 1626K, committed 1664K, reserved 1048576K
}
Event: 0.994 GC heap after
{Heap after GC invocations=2 (full 0):
 garbage-first heap   total 126976K, used 12432K [0x0000000085200000, 0x0000000100000000)
  region size 1024K, 1 young (1024K), 1 survivors (1024K)
 Metaspace       used 13871K, capacity 14372K, committed 14464K, reserved 1062912K
  class space    used 1442K, capacity 1626K, committed 1664K, reserved 1048576K
}
Event: 1.772 GC heap before
{Heap before GC invocations=2 (full 0):
 garbage-first heap   total 126976K, used 51344K [0x0000000085200000, 0x0000000100000000)
  region size 1024K, 40 young (40960K), 1 survivors (1024K)
 Metaspace       used 20557K, capacity 21245K, committed 21296K, reserved 1069056K
  class space    used 2291K, capacity 2572K, committed 2608K, reserved 1048576K
}
Event: 1.777 GC heap after
{Heap after GC invocations=3 (full 0):
 garbage-first heap   total 126976K, used 14201K [0x0000000085200000, 0x0000000100000000)
  region size 1024K, 3 young (3072K), 3 survivors (3072K)
 Metaspace       used 20557K, capacity 21245K, committed 21296K, reserved 1069056K
  class space    used 2291K, capacity 2572K, committed 2608K, reserved 1048576K
}
Event: 4.890 GC heap before
{Heap before GC invocations=4 (full 0):
 garbage-first heap   total 126976K, used 62329K [0x0000000085200000, 0x0000000100000000)
  region size 1024K, 51 young (52224K), 3 survivors (3072K)
 Metaspace       used 26794K, capacity 27679K, committed 27772K, reserved 1073152K
  class space    used 3274K, capacity 3654K, committed 3708K, reserved 1048576K
}
Event: 4.931 GC heap after
{Heap after GC invocations=5 (full 0):
 garbage-first heap   total 126976K, used 16086K [0x0000000085200000, 0x0000000100000000)
  region size 1024K, 5 young (5120K), 5 survivors (5120K)
 Metaspace       used 26794K, capacity 27679K, committed 27772K, reserved 1073152K
  class space    used 3274K, capacity 3654K, committed 3708K, reserved 1048576K
}
Event: 6.207 GC heap before
{Heap before GC invocations=5 (full 0):
 garbage-first heap   total 126976K, used 73430K [0x0000000085200000, 0x0000000100000000)
  region size 1024K, 62 young (63488K), 5 survivors (5120K)
 Metaspace       used 33043K, capacity 34032K, committed 34172K, reserved 1079296K
  class space    used 3963K, capacity 4375K, committed 4476K, reserved 1048576K
}

