# JRE version: Java(TM) SE Runtime Environment 18.9 (11.0.14+8) (build 11.0.14+8-LTS-263)
# Java VM: Java HotSpot(TM) 64-Bit Server VM 18.9 (11.0.14+8-LTS-263, mixed mode, tiered, compressed oops, g1 gc, windows-amd64)
Heap:
 garbage-first heap   total 183296K, used 57573K [0x0000000085200000, 0x0000000100000000)
  region size 1024K, 34 young (34816K), 5 survivors (5120K)
 Metaspace       used 62537K, capacity 64036K, committed 64208K, reserved 1103872K
  class space    used 8253K, capacity 8873K, committed 8956K, reserved 1048576K
GC Heap History (10 events):
Event: 4.196 GC heap before
{Heap before GC invocations=6 (full 0):
 garbage-first heap   total 126976K, used 75021K [0x0000000085200000, 0x0000000100000000)
  region size 1024K, 63 young (64512K), 6 survivors (6144K)
 Metaspace       used 34822K, capacity 35846K, committed 35964K, reserved 1081344K
  class space    used 4183K, capacity 4626K, committed 4732K, reserved 1048576K
}
Event: 4.207 GC heap after
{Heap after GC invocations=7 (full 0):
 garbage-first heap   total 152576K, used 18627K [0x0000000085200000, 0x0000000100000000)
  region size 1024K, 6 young (6144K), 6 survivors (6144K)
 Metaspace       used 34822K, capacity 35846K, committed 35964K, reserved 1081344K
  class space    used 4183K, capacity 4626K, committed 4732K, reserved 1048576K
}
Event: 6.407 GC heap before
{Heap before GC invocations=8 (full 0):
 garbage-first heap   total 152576K, used 103619K [0x0000000085200000, 0x0000000100000000)
  region size 1024K, 89 young (91136K), 6 survivors (6144K)
 Metaspace       used 41262K, capacity 42489K, committed 42620K, reserved 1085440K
  class space    used 5190K, capacity 5702K, committed 5756K, reserved 1048576K
}
Event: 6.420 GC heap after
{Heap after GC invocations=9 (full 0):
 garbage-first heap   total 152576K, used 22038K [0x0000000085200000, 0x0000000100000000)
  region size 1024K, 9 young (9216K), 9 survivors (9216K)
 Metaspace       used 41262K, capacity 42489K, committed 42620K, reserved 1085440K
  class space    used 5190K, capacity 5702K, committed 5756K, reserved 1048576K
}
Event: 7.588 GC heap before
{Heap before GC invocations=9 (full 0):
 garbage-first heap   total 152576K, used 103958K [0x0000000085200000, 0x0000000100000000)
  region size 1024K, 89 young (91136K), 9 survivors (9216K)
 Metaspace       used 46014K, capacity 47315K, committed 47484K, reserved 1089536K
  class space    used 5882K, capacity 6457K, committed 6524K, reserved 1048576K
}
Event: 7.600 GC heap after
{Heap after GC invocations=10 (full 0):
 garbage-first heap   total 152576K, used 24986K [0x0000000085200000, 0x0000000100000000)
  region size 1024K, 9 young (9216K), 9 survivors (9216K)
 Metaspace       used 46014K, capacity 47315K, committed 47484K, reserved 1089536K
  class space    used 5882K, capacity 6457K, committed 6524K, reserved 1048576K
}
Event: 9.807 GC heap before
{Heap before GC invocations=10 (full 0):
 garbage-first heap   total 152576K, used 106906K [0x0000000085200000, 0x0000000100000000)
  region size 1024K, 89 young (91136K), 9 survivors (9216K)
 Metaspace       used 54211K, capacity 55622K, committed 55804K, reserved 1097728K
  class space    used 7010K, capacity 7608K, committed 7676K, reserved 1048576K
}
Event: 9.832 GC heap after
{Heap after GC invocations=11 (full 0):
 garbage-first heap   total 152576K, used 28394K [0x0000000085200000, 0x0000000100000000)
  region size 1024K, 10 young (10240K), 10 survivors (10240K)
 Metaspace       used 54211K, capacity 55622K, committed 55804K, reserved 1097728K
  class space    used 7010K, capacity 7608K, committed 7676K, reserved 1048576K
}
Event: 10.999 GC heap before
{Heap before GC invocations=11 (full 0):
 garbage-first heap   total 152576K, used 83690K [0x0000000085200000, 0x0000000100000000)
  region size 1024K, 65 young (66560K), 10 survivors (10240K)
 Metaspace       used 58726K, capacity 60169K, committed 60368K, reserved 1101824K
  class space    used 7724K, capacity 8328K, committed 8444K, reserved 1048576K
}
Event: 11.016 GC heap after
{Heap after GC invocations=12 (full 0):
 garbage-first heap   total 183296K, used 28901K [0x0000000085200000, 0x0000000100000000)
  region size 1024K, 5 young (5120K), 5 survivors (5120K)
 Metaspace       used 58726K, capacity 60169K, committed 60368K, reserved 1101824K
  class space    used 7724K, capacity 8328K, committed 8444K, reserved 1048576K
}

