# JRE version: Java(TM) SE Runtime Environment (8.0_60-b27) (build 1.8.0_60-b27)
# Java VM: Java HotSpot(TM) 64-Bit Server VM (25.60-b23 mixed mode windows-amd64 compressed oops)
Heap:
 PSYoungGen      total 249856K, used 18619K [0x00000000d7100000, 0x00000000ece80000, 0x0000000100000000)
  eden space 237568K, 2% used [0x00000000d7100000,0x00000000d7733968,0x00000000e5900000)
  from space 12288K, 99% used [0x00000000e7280000,0x00000000e7e7b530,0x00000000e7e80000)
  to   space 26112K, 0% used [0x00000000e5900000,0x00000000e5900000,0x00000000e7280000)
 ParOldGen       total 75264K, used 45233K [0x0000000085200000, 0x0000000089b80000, 0x00000000d7100000)
  object space 75264K, 60% used [0x0000000085200000,0x0000000087e2c618,0x0000000089b80000)
 Metaspace       used 32769K, capacity 33714K, committed 33792K, reserved 1079296K
  class space    used 3764K, capacity 4042K, committed 4096K, reserved 1048576K
GC Heap History (10 events):
Event: 5.329 GC heap before
{Heap before GC invocations=7 (full 0):
 PSYoungGen      total 140288K, used 39989K [0x00000000d7100000, 0x00000000e0700000, 0x0000000100000000)
  eden space 126976K, 23% used [0x00000000d7100000,0x00000000d8ec07a8,0x00000000ded00000)
  from space 13312K, 71% used [0x00000000dfa00000,0x00000000e034cc58,0x00000000e0700000)
  to   space 13312K, 0% used [0x00000000ded00000,0x00000000ded00000,0x00000000dfa00000)
 ParOldGen       total 84992K, used 13321K [0x0000000085200000, 0x000000008a500000, 0x00000000d7100000)
  object space 84992K, 15% used [0x0000000085200000,0x0000000085f02470,0x000000008a500000)
 Metaspace       used 20488K, capacity 21078K, committed 21296K, reserved 1069056K
  class space    used 2389K, capacity 2563K, committed 2688K, reserved 1048576K
Event: 5.339 GC heap after
Heap after GC invocations=7 (full 0):
 PSYoungGen      total 140288K, used 8624K [0x00000000d7100000, 0x00000000e8200000, 0x0000000100000000)
  eden space 126976K, 0% used [0x00000000d7100000,0x00000000d7100000,0x00000000ded00000)
  from space 13312K, 64% used [0x00000000ded00000,0x00000000df56c310,0x00000000dfa00000)
  to   space 12800K, 0% used [0x00000000e7580000,0x00000000e7580000,0x00000000e8200000)
 ParOldGen       total 84992K, used 15077K [0x0000000085200000, 0x000000008a500000, 0x00000000d7100000)
  object space 84992K, 17% used [0x0000000085200000,0x00000000860b9520,0x000000008a500000)
 Metaspace       used 20488K, capacity 21078K, committed 21296K, reserved 1069056K
  class space    used 2389K, capacity 2563K, committed 2688K, reserved 1048576K
}
Event: 5.339 GC heap before
{Heap before GC invocations=8 (full 1):
 PSYoungGen      total 140288K, used 8624K [0x00000000d7100000, 0x00000000e8200000, 0x0000000100000000)
  eden space 126976K, 0% used [0x00000000d7100000,0x00000000d7100000,0x00000000ded00000)
  from space 13312K, 64% used [0x00000000ded00000,0x00000000df56c310,0x00000000dfa00000)
  to   space 12800K, 0% used [0x00000000e7580000,0x00000000e7580000,0x00000000e8200000)
 ParOldGen       total 84992K, used 15077K [0x0000000085200000, 0x000000008a500000, 0x00000000d7100000)
  object space 84992K, 17% used [0x0000000085200000,0x00000000860b9520,0x000000008a500000)
 Metaspace       used 20488K, capacity 21078K, committed 21296K, reserved 1069056K
  class space    used 2389K, capacity 2563K, committed 2688K, reserved 1048576K
Event: 5.415 GC heap after
Heap after GC invocations=8 (full 1):
 PSYoungGen      total 140288K, used 0K [0x00000000d7100000, 0x00000000e8200000, 0x0000000100000000)
  eden space 126976K, 0% used [0x00000000d7100000,0x00000000d7100000,0x00000000ded00000)
  from space 13312K, 0% used [0x00000000ded00000,0x00000000ded00000,0x00000000dfa00000)
  to   space 12800K, 0% used [0x00000000e7580000,0x00000000e7580000,0x00000000e8200000)
 ParOldGen       total 75264K, used 19173K [0x0000000085200000, 0x0000000089b80000, 0x00000000d7100000)
  object space 75264K, 25% used [0x0000000085200000,0x00000000864b9618,0x0000000089b80000)
 Metaspace       used 20488K, capacity 21078K, committed 21296K, reserved 1069056K
  class space    used 2389K, capacity 2563K, committed 2688K, reserved 1048576K
}
Event: 6.456 GC heap before
{Heap before GC invocations=9 (full 1):
 PSYoungGen      total 140288K, used 126976K [0x00000000d7100000, 0x00000000e8200000, 0x0000000100000000)
  eden space 126976K, 100% used [0x00000000d7100000,0x00000000ded00000,0x00000000ded00000)
  from space 13312K, 0% used [0x00000000ded00000,0x00000000ded00000,0x00000000dfa00000)
  to   space 12800K, 0% used [0x00000000e7580000,0x00000000e7580000,0x00000000e8200000)
 ParOldGen       total 75264K, used 19173K [0x0000000085200000, 0x0000000089b80000, 0x00000000d7100000)
  object space 75264K, 25% used [0x0000000085200000,0x00000000864b9618,0x0000000089b80000)
 Metaspace       used 23725K, capacity 24346K, committed 24448K, reserved 1071104K
  class space    used 2759K, capacity 2927K, committed 2944K, reserved 1048576K
Event: 6.465 GC heap after
Heap after GC invocations=9 (full 1):
 PSYoungGen      total 195584K, used 12774K [0x00000000d7100000, 0x00000000e8200000, 0x0000000100000000)
  eden space 182784K, 0% used [0x00000000d7100000,0x00000000d7100000,0x00000000e2380000)
  from space 12800K, 99% used [0x00000000e7580000,0x00000000e81f9ba0,0x00000000e8200000)
  to   space 15872K, 0% used [0x00000000e6300000,0x00000000e6300000,0x00000000e7280000)
 ParOldGen       total 75264K, used 22023K [0x0000000085200000, 0x0000000089b80000, 0x00000000d7100000)
  object space 75264K, 29% used [0x0000000085200000,0x0000000086781c98,0x0000000089b80000)
 Metaspace       used 23725K, capacity 24346K, committed 24448K, reserved 1071104K
  class space    used 2759K, capacity 2927K, committed 2944K, reserved 1048576K
}
Event: 8.296 GC heap before
{Heap before GC invocations=10 (full 1):
 PSYoungGen      total 195584K, used 195558K [0x00000000d7100000, 0x00000000e8200000, 0x0000000100000000)
  eden space 182784K, 100% used [0x00000000d7100000,0x00000000e2380000,0x00000000e2380000)
  from space 12800K, 99% used [0x00000000e7580000,0x00000000e81f9ba0,0x00000000e8200000)
  to   space 15872K, 0% used [0x00000000e6300000,0x00000000e6300000,0x00000000e7280000)
 ParOldGen       total 75264K, used 22023K [0x0000000085200000, 0x0000000089b80000, 0x00000000d7100000)
  object space 75264K, 29% used [0x0000000085200000,0x0000000086781c98,0x0000000089b80000)
 Metaspace       used 26359K, capacity 27178K, committed 27392K, reserved 1073152K
  class space    used 3038K, capacity 3229K, committed 3328K, reserved 1048576K
Event: 8.323 GC heap after
Heap after GC invocations=10 (full 1):
 PSYoungGen      total 248832K, used 15863K [0x00000000d7100000, 0x00000000e7e80000, 0x0000000100000000)
  eden space 232960K, 0% used [0x00000000d7100000,0x00000000d7100000,0x00000000e5480000)
  from space 15872K, 99% used [0x00000000e6300000,0x00000000e727de30,0x00000000e7280000)
  to   space 12288K, 0% used [0x00000000e7280000,0x00000000e7280000,0x00000000e7e80000)
 ParOldGen       total 75264K, used 30972K [0x0000000085200000, 0x0000000089b80000, 0x00000000d7100000)
  object space 75264K, 41% used [0x0000000085200000,0x000000008703f2f0,0x0000000089b80000)
 Metaspace       used 26359K, capacity 27178K, committed 27392K, reserved 1073152K
  class space    used 3038K, capacity 3229K, committed 3328K, reserved 1048576K
}
Event: 17.150 GC heap before
{Heap before GC invocations=11 (full 1):
 PSYoungGen      total 248832K, used 248823K [0x00000000d7100000, 0x00000000e7e80000, 0x0000000100000000)
  eden space 232960K, 100% used [0x00000000d7100000,0x00000000e5480000,0x00000000e5480000)
  from space 15872K, 99% used [0x00000000e6300000,0x00000000e727de30,0x00000000e7280000)
  to   space 12288K, 0% used [0x00000000e7280000,0x00000000e7280000,0x00000000e7e80000)
 ParOldGen       total 75264K, used 30972K [0x0000000085200000, 0x0000000089b80000, 0x00000000d7100000)
  object space 75264K, 41% used [0x0000000085200000,0x000000008703f2f0,0x0000000089b80000)
 Metaspace       used 32769K, capacity 33714K, committed 33792K, reserved 1079296K
  class space    used 3764K, capacity 4042K, committed 4096K, reserved 1048576K
Event: 17.388 GC heap after
Heap after GC invocations=11 (full 1):
 PSYoungGen      total 249856K, used 12269K [0x00000000d7100000, 0x00000000ece80000, 0x0000000100000000)
  eden space 237568K, 0% used [0x00000000d7100000,0x00000000d7100000,0x00000000e5900000)
  from space 12288K, 99% used [0x00000000e7280000,0x00000000e7e7b530,0x00000000e7e80000)
  to   space 26112K, 0% used [0x00000000e5900000,0x00000000e5900000,0x00000000e7280000)
 ParOldGen       total 75264K, used 45233K [0x0000000085200000, 0x0000000089b80000, 0x00000000d7100000)
  object space 75264K, 60% used [0x0000000085200000,0x0000000087e2c618,0x0000000089b80000)
 Metaspace       used 32769K, capacity 33714K, committed 33792K, reserved 1079296K
  class space    used 3764K, capacity 4042K, committed 4096K, reserved 1048576K
}

