# JRE version: Java(TM) SE Runtime Environment 18.9 (11.0.14+8) (build 11.0.14+8-LTS-263)
# Java VM: Java HotSpot(TM) 64-Bit Server VM 18.9 (11.0.14+8-LTS-263, mixed mode, tiered, compressed oops, g1 gc, windows-amd64)
Heap:
 garbage-first heap   total 152576K, used 30534K [0x0000000085200000, 0x0000000100000000)
  region size 1024K, 18 young (18432K), 8 survivors (8192K)
 Metaspace       used 40797K, capacity 42008K, committed 42364K, reserved 1085440K
  class space    used 5119K, capacity 5615K, committed 5756K, reserved 1048576K
GC Heap History (10 events):
Event: 2.561 GC heap before
{Heap before GC invocations=2 (full 0):
 garbage-first heap   total 126976K, used 50540K [0x0000000085200000, 0x0000000100000000)
  region size 1024K, 40 young (40960K), 1 survivors (1024K)
 Metaspace       used 20558K, capacity 21241K, committed 21296K, reserved 1069056K
  class space    used 2290K, capacity 2572K, committed 2608K, reserved 1048576K
}
Event: 2.568 GC heap after
{Heap after GC invocations=3 (full 0):
 garbage-first heap   total 126976K, used 13422K [0x0000000085200000, 0x0000000100000000)
  region size 1024K, 3 young (3072K), 3 survivors (3072K)
 Metaspace       used 20558K, capacity 21241K, committed 21296K, reserved 1069056K
  class space    used 2290K, capacity 2572K, committed 2608K, reserved 1048576K
}
Event: 4.809 GC heap before
{Heap before GC invocations=4 (full 0):
 garbage-first heap   total 126976K, used 62574K [0x0000000085200000, 0x0000000100000000)
  region size 1024K, 51 young (52224K), 3 survivors (3072K)
 Metaspace       used 26714K, capacity 27605K, committed 27772K, reserved 1073152K
  class space    used 3246K, capacity 3586K, committed 3708K, reserved 1048576K
}
Event: 4.816 GC heap after
{Heap after GC invocations=5 (full 0):
 garbage-first heap   total 126976K, used 15242K [0x0000000085200000, 0x0000000100000000)
  region size 1024K, 5 young (5120K), 5 survivors (5120K)
 Metaspace       used 26714K, capacity 27605K, committed 27772K, reserved 1073152K
  class space    used 3246K, capacity 3586K, committed 3708K, reserved 1048576K
}
Event: 5.445 GC heap before
{Heap before GC invocations=5 (full 0):
 garbage-first heap   total 126976K, used 72586K [0x0000000085200000, 0x0000000100000000)
  region size 1024K, 62 young (63488K), 5 survivors (5120K)
 Metaspace       used 32909K, capacity 33930K, committed 34172K, reserved 1079296K
  class space    used 3932K, capacity 4358K, committed 4476K, reserved 1048576K
}
Event: 5.454 GC heap after
{Heap after GC invocations=6 (full 0):
 garbage-first heap   total 126976K, used 17598K [0x0000000085200000, 0x0000000100000000)
  region size 1024K, 6 young (6144K), 6 survivors (6144K)
 Metaspace       used 32909K, capacity 33930K, committed 34172K, reserved 1079296K
  class space    used 3932K, capacity 4358K, committed 4476K, reserved 1048576K
}
Event: 6.630 GC heap before
{Heap before GC invocations=6 (full 0):
 garbage-first heap   total 126976K, used 74942K [0x0000000085200000, 0x0000000100000000)
  region size 1024K, 63 young (64512K), 6 survivors (6144K)
 Metaspace       used 34826K, capacity 35842K, committed 35964K, reserved 1081344K
  class space    used 4183K, capacity 4625K, committed 4732K, reserved 1048576K
}
Event: 6.642 GC heap after
{Heap after GC invocations=7 (full 0):
 garbage-first heap   total 126976K, used 18598K [0x0000000085200000, 0x0000000100000000)
  region size 1024K, 6 young (6144K), 6 survivors (6144K)
 Metaspace       used 34826K, capacity 35842K, committed 35964K, reserved 1081344K
  class space    used 4183K, capacity 4625K, committed 4732K, reserved 1048576K
}
Event: 8.400 GC heap before
{Heap before GC invocations=8 (full 0):
 garbage-first heap   total 126976K, used 88230K [0x0000000085200000, 0x0000000100000000)
  region size 1024K, 74 young (75776K), 6 survivors (6144K)
 Metaspace       used 39463K, capacity 40666K, committed 40828K, reserved 1085440K
  class space    used 4948K, capacity 5447K, committed 5500K, reserved 1048576K
}
Event: 8.431 GC heap after
{Heap after GC invocations=9 (full 0):
 garbage-first heap   total 152576K, used 21318K [0x0000000085200000, 0x0000000100000000)
  region size 1024K, 8 young (8192K), 8 survivors (8192K)
 Metaspace       used 39463K, capacity 40666K, committed 40828K, reserved 1085440K
  class space    used 4948K, capacity 5447K, committed 5500K, reserved 1048576K
}

